Using pre-set license
Built from '2020.2/staging' branch; Version is '2020.2.7f1 (c53830e277f1) revision 12924976'; Using compiler version '192528614'; Build Type 'Release'
OS: 'Windows 10 Pro; OS build 19043.1110; Version 2009; 64bit' Language: 'ru' Physical Memory: 16303 MB
BatchMode: 1, IsHumanControllingUs: 0, StartBugReporterOnCrash: 0, Is64bit: 1, IsPro: 0

 COMMAND LINE ARGUMENTS:
C:\Program Files\Unity\Hub\Editor\2020.2.7f1\Editor\Unity.exe
-adb2
-batchMode
-noUpm
-name
AssetImportWorker0
-projectPath
C:/Users/Fesko/Documents/GitHub/SparkleXRTemplates-ML-devel
-logFile
Logs/AssetImportWorker0.log
-srvPort
51280
Successfully changed project path to: C:/Users/Fesko/Documents/GitHub/SparkleXRTemplates-ML-devel
C:/Users/Fesko/Documents/GitHub/SparkleXRTemplates-ML-devel
Using Asset Import Pipeline V2.
Refreshing native plugins compatible for Editor in 116.50 ms, found 69 plugins.
Preloading 1 native plugins for Editor in 0.63 ms.
Initialize engine version: 2020.2.7f1 (c53830e277f1)
[Subsystems] Discovering subsystems at path C:/Program Files/Unity/Hub/Editor/2020.2.7f1/Editor/Data/Resources/UnitySubsystems
[Subsystems] Discovering subsystems at path C:/Users/Fesko/Documents/GitHub/SparkleXRTemplates-ML-devel/Assets
GfxDevice: creating device client; threaded=0
Renderer: GeForce RTX 2060/PCIe/SSE2
Vendor:   NVIDIA Corporation
Version:  4.5.0 NVIDIA 457.49
GLES:     0
 GL_AMD_multi_draw_indirect GL_AMD_seamless_cubemap_per_texture GL_AMD_vertex_shader_viewport_index GL_AMD_vertex_shader_layer GL_ARB_arrays_of_arrays GL_ARB_base_instance GL_ARB_bindless_texture GL_ARB_blend_func_extended GL_ARB_buffer_storage GL_ARB_clear_buffer_object GL_ARB_clear_texture GL_ARB_clip_control GL_ARB_color_buffer_float GL_ARB_compressed_texture_pixel_storage GL_ARB_conservative_depth GL_ARB_compute_shader GL_ARB_compute_variable_group_size GL_ARB_conditional_render_inverted GL_ARB_copy_buffer GL_ARB_copy_image GL_ARB_cull_distance GL_ARB_debug_output GL_ARB_depth_buffer_float GL_ARB_depth_clamp GL_ARB_depth_texture GL_ARB_derivative_control GL_ARB_direct_state_access GL_ARB_draw_buffers GL_ARB_draw_buffers_blend GL_ARB_draw_indirect GL_ARB_draw_elements_base_vertex GL_ARB_draw_instanced GL_ARB_enhanced_layouts GL_ARB_ES2_compatibility GL_ARB_ES3_compatibility GL_ARB_ES3_1_compatibility GL_ARB_ES3_2_compatibility GL_ARB_explicit_attrib_location GL_ARB_explicit_uniform_location GL_ARB_fragmen
t_coord_conventions GL_ARB_fragment_layer_viewport GL_ARB_fragment_program GL_ARB_fragment_program_shadow GL_ARB_fragment_shader GL_ARB_fragment_shader_interlock GL_ARB_framebuffer_no_attachments GL_ARB_framebuffer_object GL_ARB_framebuffer_sRGB GL_ARB_geometry_shader4 GL_ARB_get_program_binary GL_ARB_get_texture_sub_image GL_ARB_gl_spirv GL_ARB_gpu_shader5 GL_ARB_gpu_shader_fp64 GL_ARB_gpu_shader_int64 GL_ARB_half_float_pixel GL_ARB_half_float_vertex GL_ARB_imaging GL_ARB_indirect_parameters GL_ARB_instanced_arrays GL_ARB_internalformat_query GL_ARB_internalformat_query2 GL_ARB_invalidate_subdata GL_ARB_map_buffer_alignment GL_ARB_map_buffer_range GL_ARB_multi_bind GL_ARB_multi_draw_indirect GL_ARB_multisample GL_ARB_multitexture GL_ARB_occlusion_query GL_ARB_occlusion_query2 GL_ARB_parallel_shader_compile GL_ARB_pipeline_statistics_query GL_ARB_pixel_buffer_object GL_ARB_point_parameters GL_ARB_point_sprite GL_ARB_polygon_offset_clamp GL_ARB_post_depth_coverage GL_ARB_program_interface_query GL_ARB_provoki
ng_vertex GL_ARB_query_buffer_object GL_ARB_robust_buffer_access_behavior GL_ARB_robustness GL_ARB_sample_locations GL_ARB_sample_shading GL_ARB_sampler_objects GL_ARB_seamless_cube_map GL_ARB_seamless_cubemap_per_texture GL_ARB_separate_shader_objects GL_ARB_shader_atomic_counter_ops GL_ARB_shader_atomic_counters GL_ARB_shader_ballot GL_ARB_shader_bit_encoding GL_ARB_shader_clock GL_ARB_shader_draw_parameters GL_ARB_shader_group_vote GL_ARB_shader_image_load_store GL_ARB_shader_image_size GL_ARB_shader_objects GL_ARB_shader_precision GL_ARB_shader_storage_buffer_object GL_ARB_shader_subroutine GL_ARB_shader_texture_image_samples GL_ARB_shader_texture_lod GL_ARB_shading_language_100 GL_ARB_shader_viewport_layer_array GL_ARB_shading_language_420pack GL_ARB_shading_language_include GL_ARB_shading_language_packing GL_ARB_shadow GL_ARB_sparse_buffer GL_ARB_sparse_texture GL_ARB_sparse_texture2 GL_ARB_sparse_texture_clamp GL_ARB_spirv_extensions GL_ARB_stencil_texturing GL_ARB_sync GL_ARB_tessellation_shader GL_A
RB_texture_barrier GL_ARB_texture_border_clamp GL_ARB_texture_buffer_object GL_ARB_texture_buffer_object_rgb32 GL_ARB_texture_buffer_range GL_ARB_texture_compression GL_ARB_texture_compression_bptc GL_ARB_texture_compression_rgtc GL_ARB_texture_cube_map GL_ARB_texture_cube_map_array GL_ARB_texture_env_add GL_ARB_texture_env_combine GL_ARB_texture_env_crossbar GL_ARB_texture_env_dot3 GL_ARB_texture_filter_anisotropic GL_ARB_texture_filter_minmax GL_ARB_texture_float GL_ARB_texture_gather GL_ARB_texture_mirror_clamp_to_edge GL_ARB_texture_mirrored_repeat GL_ARB_texture_multisample GL_ARB_texture_non_power_of_two GL_ARB_texture_query_levels GL_ARB_texture_query_lod GL_ARB_texture_rectangle GL_ARB_texture_rg GL_ARB_texture_rgb10_a2ui GL_ARB_texture_stencil8 GL_ARB_texture_storage GL_ARB_texture_storage_multisample GL_ARB_texture_swizzle GL_ARB_texture_view GL_ARB_timer_query GL_ARB_transform_feedback2 GL_ARB_transform_feedback3 GL_ARB_transform_feedback_instanced GL_ARB_transform_feedback_overflow_query GL_ARB_t
ranspose_matrix GL_ARB_uniform_buffer_object GL_ARB_vertex_array_bgra GL_ARB_vertex_array_object GL_ARB_vertex_attrib_64bit GL_ARB_vertex_attrib_binding GL_ARB_vertex_buffer_object GL_ARB_vertex_program GL_ARB_vertex_shader GL_ARB_vertex_type_10f_11f_11f_rev GL_ARB_vertex_type_2_10_10_10_rev GL_ARB_viewport_array GL_ARB_window_pos GL_ATI_draw_buffers GL_ATI_texture_float GL_ATI_texture_mirror_once GL_S3_s3tc GL_EXT_texture_env_add GL_EXT_abgr GL_EXT_bgra GL_EXT_bindable_uniform GL_EXT_blend_color GL_EXT_blend_equation_separate GL_EXT_blend_func_separate GL_EXT_blend_minmax GL_EXT_blend_subtract GL_EXT_compiled_vertex_array GL_EXT_Cg_shader GL_EXT_depth_bounds_test GL_EXT_direct_state_access GL_EXT_draw_buffers2 GL_EXT_draw_instanced GL_EXT_draw_range_elements GL_EXT_fog_coord GL_EXT_framebuffer_blit GL_EXT_framebuffer_multisample GL_EXTX_framebuffer_mixed_formats GL_EXT_framebuffer_multisample_blit_scaled GL_EXT_framebuffer_object GL_EXT_framebuffer_sRGB GL_EXT_geometry_shader4 GL_EXT_gpu_program_parameters 
GL_EXT_gpu_shader4 GL_EXT_multi_draw_arrays GL_EXT_multiview_texture_multisample GL_EXT_multiview_timer_query GL_EXT_packed_depth_stencil GL_EXT_packed_float GL_EXT_packed_pixels GL_EXT_pixel_buffer_object GL_EXT_point_parameters GL_EXT_polygon_offset_clamp GL_EXT_post_depth_coverage GL_EXT_provoking_vertex GL_EXT_raster_multisample GL_EXT_rescale_normal GL_EXT_secondary_color GL_EXT_separate_shader_objects GL_EXT_separate_specular_color GL_EXT_shader_image_load_formatted GL_EXT_shader_image_load_store GL_EXT_shader_integer_mix GL_EXT_shadow_funcs GL_EXT_sparse_texture2 GL_EXT_stencil_two_side GL_EXT_stencil_wrap GL_EXT_texture3D GL_EXT_texture_array GL_EXT_texture_buffer_object GL_EXT_texture_compression_dxt1 GL_EXT_texture_compression_latc GL_EXT_texture_compression_rgtc GL_EXT_texture_compression_s3tc GL_EXT_texture_cube_map GL_EXT_texture_edge_clamp GL_EXT_texture_env_combine GL_EXT_texture_env_dot3 GL_EXT_texture_filter_anisotropic GL_EXT_texture_filter_minmax GL_EXT_texture_integer GL_EXT_texture_lod G
L_EXT_texture_lod_bias GL_EXT_texture_mirror_clamp GL_EXT_texture_object GL_EXT_texture_shadow_lod GL_EXT_texture_shared_exponent GL_EXT_texture_sRGB GL_EXT_texture_sRGB_R8 GL_EXT_texture_sRGB_decode GL_EXT_texture_storage GL_EXT_texture_swizzle GL_EXT_timer_query GL_EXT_transform_feedback2 GL_EXT_vertex_array GL_EXT_vertex_array_bgra GL_EXT_vertex_attrib_64bit GL_EXT_window_rectangles GL_EXT_import_sync_object GL_IBM_rasterpos_clip GL_IBM_texture_mirrored_repeat GL_KHR_context_flush_control GL_KHR_debug GL_EXT_memory_object GL_EXT_memory_object_win32 GL_EXT_win32_keyed_mutex GL_KHR_parallel_shader_compile GL_KHR_no_error GL_KHR_robust_buffer_access_behavior GL_KHR_robustness GL_EXT_semaphore GL_EXT_semaphore_win32 GL_KHR_shader_subgroup GL_KTX_buffer_region GL_NV_alpha_to_coverage_dither_control GL_NV_bindless_multi_draw_indirect GL_NV_bindless_multi_draw_indirect_count GL_NV_bindless_texture GL_NV_blend_equation_advanced GL_NV_blend_equation_advanced_coherent GL_NVX_blend_equation_advanced_multi_draw_buffe
rs GL_NV_blend_minmax_factor GL_NV_blend_square GL_NV_clip_space_w_scaling GL_NV_command_list GL_NV_compute_program5 GL_NV_compute_shader_derivatives GL_NV_conditional_render GL_NV_conservative_raster GL_NV_conservative_raster_dilate GL_NV_conservative_raster_pre_snap GL_NV_conservative_raster_pre_snap_triangles GL_NV_conservative_raster_underestimation GL_NV_copy_depth_to_color GL_NV_copy_image GL_NV_depth_buffer_float GL_NV_depth_clamp GL_NV_draw_texture GL_NV_draw_vulkan_image GL_NV_ES1_1_compatibility GL_NV_ES3_1_compatibility GL_NV_explicit_multisample GL_NV_feature_query GL_NV_fence GL_NV_fill_rectangle GL_NV_float_buffer GL_NV_fog_distance GL_NV_fragment_coverage_to_color GL_NV_fragment_program GL_NV_fragment_program_option GL_NV_fragment_program2 GL_NV_fragment_shader_barycentric GL_NV_fragment_shader_interlock GL_NV_framebuffer_mixed_samples GL_NV_framebuffer_multisample_coverage GL_NV_geometry_shader4 GL_NV_geometry_shader_passthrough GL_NV_gpu_program4 GL_NV_internalformat_sample_query GL_NV_gpu_p
rogram4_1 GL_NV_gpu_program5 GL_NV_gpu_program5_mem_extended GL_NV_gpu_program_fp64 GL_NV_gpu_shader5 GL_NV_half_float GL_NV_light_max_exponent GL_NV_memory_attachment GL_NV_mesh_shader GL_NV_multisample_coverage GL_NV_multisample_filter_hint GL_NV_occlusion_query GL_NV_packed_depth_stencil GL_NV_parameter_buffer_object GL_NV_parameter_buffer_object2 GL_NV_path_rendering GL_NV_path_rendering_shared_edge GL_NV_pixel_data_range GL_NV_point_sprite GL_NV_primitive_restart GL_NV_query_resource GL_NV_query_resource_tag GL_NV_register_combiners GL_NV_register_combiners2 GL_NV_representative_fragment_test GL_NV_sample_locations GL_NV_sample_mask_override_coverage GL_NV_scissor_exclusive GL_NV_shader_atomic_counters GL_NV_shader_atomic_float GL_NV_shader_atomic_float64 GL_NV_shader_atomic_fp16_vector GL_NV_shader_atomic_int64 GL_NV_shader_buffer_load GL_NV_shader_storage_buffer_object GL_NV_shader_subgroup_partitioned GL_NV_shader_texture_footprint GL_NV_shading_rate_image GL_NV_stereo_view_rendering GL_NV_texgen_ref
lection GL_NV_texture_barrier GL_NV_texture_compression_vtc GL_NV_texture_env_combine4 GL_NV_texture_multisample GL_NV_texture_rectangle GL_NV_texture_rectangle_compressed GL_NV_texture_shader GL_NV_texture_shader2 GL_NV_texture_shader3 GL_NV_transform_feedback GL_NV_transform_feedback2 GL_NV_uniform_buffer_unified_memory GL_NV_vertex_array_range GL_NV_vertex_array_range2 GL_NV_vertex_attrib_integer_64bit GL_NV_vertex_buffer_unified_memory GL_NV_vertex_program GL_NV_vertex_program1_1 GL_NV_vertex_program2 GL_NV_vertex_program2_option GL_NV_vertex_program3 GL_NV_viewport_array2 GL_NV_viewport_swizzle GL_NVX_conditional_render GL_NVX_linked_gpu_multicast GL_NV_gpu_multicast GL_NVX_gpu_multicast2 GL_NVX_progress_fence GL_NVX_gpu_memory_info GL_NVX_multigpu_info GL_NVX_nvenc_interop GL_NV_shader_thread_group GL_NV_shader_thread_shuffle GL_KHR_blend_equation_advanced GL_KHR_blend_equation_advanced_coherent GL_OVR_multiview GL_OVR_multiview2 GL_SGIS_generate_mipmap GL_SGIS_texture_lod GL_SGIX_depth_texture GL_SGIX
_shadow GL_SUN_slice_accum GL_WIN_swap_hint WGL_EXT_swap_control
OPENGL LOG: Creating OpenGL 4.5 graphics device ; Context level  <OpenGL 4.5> ; Context handle 65537
Initialize mono
Mono path[0] = 'C:/Program Files/Unity/Hub/Editor/2020.2.7f1/Editor/Data/Managed'
Mono path[1] = 'C:/Program Files/Unity/Hub/Editor/2020.2.7f1/Editor/Data/MonoBleedingEdge/lib/mono/unityjit'
Mono config path = 'C:/Program Files/Unity/Hub/Editor/2020.2.7f1/Editor/Data/MonoBleedingEdge/etc'
Using monoOptions --debugger-agent=transport=dt_socket,embedding=1,server=y,suspend=n,address=127.0.0.1:56892
Begin MonoManager ReloadAssembly
Registering precompiled unity dll's ...
Register platform support module: C:/Program Files/Unity/Hub/Editor/2020.2.7f1/Editor/Data/PlaybackEngines/WindowsStandaloneSupport/UnityEditor.WindowsStandalone.Extensions.dll
Register platform support module: C:/Program Files/Unity/Hub/Editor/2020.2.7f1/Editor/Data/PlaybackEngines/LuminSupport/UnityEditor.Lumin.Extensions.dll
Registered in 0.002308 seconds.
Native extension for Lumin target not found
Native extension for WindowsStandalone target not found
Refreshing native plugins compatible for Editor in 36.60 ms, found 69 plugins.
Preloading 1 native plugins for Editor in 0.09 ms.
Invoked RoslynAnalysisRunner static constructor.
RoslynAnalysisRunner will not be running.
RoslynAnalysisRunner has terminated.
Mono: successfully reloaded assembly
- Completed reload, in  1.273 seconds
Platform modules already initialized, skipping
Registering precompiled user dll's ...
Registered in 0.280843 seconds.
Begin MonoManager ReloadAssembly
Native extension for Lumin target not found
Native extension for WindowsStandalone target not found
Refreshing native plugins compatible for Editor in 1.25 ms, found 69 plugins.
Preloading 1 native plugins for Editor in 0.08 ms.
Invoked RoslynAnalysisRunner static constructor.
RoslynAnalysisRunner will not be running.
RoslynAnalysisRunner has terminated.
Mono: successfully reloaded assembly
- Completed reload, in  1.346 seconds
Platform modules already initialized, skipping
========================================================================
Worker process is ready to serve import requests
Launched and connected shader compiler UnityShaderCompiler.exe after 0.08 seconds
Refreshing native plugins compatible for Editor in 0.89 ms, found 69 plugins.
Preloading 1 native plugins for Editor in 0.07 ms.
Unloading 1835 Unused Serialized files (Serialized files now loaded: 0)
System memory in use before: 84.5 MB.
System memory in use after: 84.6 MB.

Unloading 102 unused Assets to reduce memory usage. Loaded Objects now: 2260.
Total: 28.638000 ms (FindLiveObjects: 0.499000 ms CreateObjectMapping: 0.360800 ms MarkObjects: 27.685800 ms  DeleteObjects: 0.089800 ms)

========================================================================
Received Import Request.
  path: Assets/SparkleXR/SparkleXRTemplates/XRInputProvider/SimpleHandInputProvider.cs
  artifactKey: Guid(8c5f3b079e128de41b7002c41a45ae2e) Importer(815301076,1909f56bfc062723c751e8b465ee728b)
Start importing Assets/SparkleXR/SparkleXRTemplates/XRInputProvider/SimpleHandInputProvider.cs using Guid(8c5f3b079e128de41b7002c41a45ae2e) Importer(815301076,1909f56bfc062723c751e8b465ee728b)  -> (artifact id: '195ab9c23576bb761994742760b7ac3f') in 0.048526 seconds
  Import took 0.054281 seconds .

========================================================================
Received Import Request.
  Time since last request: 0.000344 seconds.
  path: Assets/SparkleXR/SparkleXRTemplates/XRInputProvider/XRInputProvider.cs
  artifactKey: Guid(5f433748190e1df47827e8d55d189089) Importer(815301076,1909f56bfc062723c751e8b465ee728b)
Start importing Assets/SparkleXR/SparkleXRTemplates/XRInputProvider/XRInputProvider.cs using Guid(5f433748190e1df47827e8d55d189089) Importer(815301076,1909f56bfc062723c751e8b465ee728b)  -> (artifact id: '7b802ddb5edf368750e0a7c80f149198') in 0.005579 seconds
  Import took 0.007934 seconds .

========================================================================
Received Import Request.
  Time since last request: 4.537332 seconds.
  path: Assets/SparkleXR/SparkleXRTemplates/XRInputProvider/HMDInputProvider.cs
  artifactKey: Guid(af1fb0f4496bf03499f74bb445358f02) Importer(815301076,1909f56bfc062723c751e8b465ee728b)
Start importing Assets/SparkleXR/SparkleXRTemplates/XRInputProvider/HMDInputProvider.cs using Guid(af1fb0f4496bf03499f74bb445358f02) Importer(815301076,1909f56bfc062723c751e8b465ee728b)  -> (artifact id: '78cbaea9a611ceb2950a76abbaa31ed9') in 0.008113 seconds
  Import took 0.011623 seconds .

========================================================================
Received Prepare
Registering precompiled user dll's ...
Registered in 0.029891 seconds.
Begin MonoManager ReloadAssembly
Native extension for Lumin target not found
Native extension for WindowsStandalone target not found
Refreshing native plugins compatible for Editor in 0.96 ms, found 69 plugins.
Preloading 1 native plugins for Editor in 0.07 ms.
Invoked RoslynAnalysisRunner static constructor.
RoslynAnalysisRunner will not be running.
RoslynAnalysisRunner has terminated.
Mono: successfully reloaded assembly
- Completed reload, in  1.157 seconds
Platform modules already initialized, skipping
Refreshing native plugins compatible for Editor in 1.03 ms, found 69 plugins.
Preloading 1 native plugins for Editor in 0.06 ms.
Unloading 1812 Unused Serialized files (Serialized files now loaded: 0)
System memory in use before: 83.1 MB.
System memory in use after: 83.2 MB.

Unloading 97 unused Assets to reduce memory usage. Loaded Objects now: 2265.
Total: 16.269100 ms (FindLiveObjects: 0.205100 ms CreateObjectMapping: 0.070000 ms MarkObjects: 15.897500 ms  DeleteObjects: 0.093700 ms)

========================================================================
Received Prepare
Registering precompiled user dll's ...
Registered in 0.015903 seconds.
Begin MonoManager ReloadAssembly
Native extension for Lumin target not found
Native extension for WindowsStandalone target not found
Refreshing native plugins compatible for Editor in 0.96 ms, found 69 plugins.
Preloading 1 native plugins for Editor in 0.07 ms.
Invoked RoslynAnalysisRunner static constructor.
RoslynAnalysisRunner will not be running.
RoslynAnalysisRunner has terminated.
Mono: successfully reloaded assembly
- Completed reload, in  1.096 seconds
Platform modules already initialized, skipping
Refreshing native plugins compatible for Editor in 0.99 ms, found 69 plugins.
Preloading 1 native plugins for Editor in 0.06 ms.
Unloading 1812 Unused Serialized files (Serialized files now loaded: 0)
System memory in use before: 83.1 MB.
System memory in use after: 83.2 MB.

Unloading 97 unused Assets to reduce memory usage. Loaded Objects now: 2269.
Total: 15.666800 ms (FindLiveObjects: 0.244400 ms CreateObjectMapping: 0.104100 ms MarkObjects: 15.275700 ms  DeleteObjects: 0.040100 ms)

========================================================================
Received Import Request.
  Time since last request: 1745.269780 seconds.
  path: Assets/SparkleXR/SparkleXRTemplates/XRInputProvider/HMDInputProvider.cs
  artifactKey: Guid(af1fb0f4496bf03499f74bb445358f02) Importer(815301076,1909f56bfc062723c751e8b465ee728b)
Start importing Assets/SparkleXR/SparkleXRTemplates/XRInputProvider/HMDInputProvider.cs using Guid(af1fb0f4496bf03499f74bb445358f02) Importer(815301076,1909f56bfc062723c751e8b465ee728b)  -> (artifact id: 'b228f38ce477a6905667fa21f01d5887') in 0.008596 seconds
  Import took 0.014631 seconds .

========================================================================
Received Import Request.
  Time since last request: 7.198840 seconds.
  path: Assets/SparkleXR/SparkleXRTemplates/XRInputProvider/SimpleHandInputProvider.cs
  artifactKey: Guid(8c5f3b079e128de41b7002c41a45ae2e) Importer(815301076,1909f56bfc062723c751e8b465ee728b)
Start importing Assets/SparkleXR/SparkleXRTemplates/XRInputProvider/SimpleHandInputProvider.cs using Guid(8c5f3b079e128de41b7002c41a45ae2e) Importer(815301076,1909f56bfc062723c751e8b465ee728b)  -> (artifact id: '22a232194bca19d578f466248875d97d') in 0.005068 seconds
  Import took 0.007787 seconds .

========================================================================
Received Import Request.
  Time since last request: 55.708075 seconds.
  path: Assets/SparkleXR/SparkleXRTemplates/Stock
  artifactKey: Guid(594938e824168ba43a17b2662351a681) Importer(815301076,1909f56bfc062723c751e8b465ee728b)
Start importing Assets/SparkleXR/SparkleXRTemplates/Stock using Guid(594938e824168ba43a17b2662351a681) Importer(815301076,1909f56bfc062723c751e8b465ee728b)  -> (artifact id: '4429479164eee8287d551ffc7d067adb') in 0.006875 seconds
  Import took 0.018783 seconds .

========================================================================
Received Import Request.
  Time since last request: 1.687157 seconds.
  path: Assets/SparkleXR/SparkleXRTemplates/Visualisation
  artifactKey: Guid(5629368722d95c54bb6d6eb06c7b8fbf) Importer(815301076,1909f56bfc062723c751e8b465ee728b)
Start importing Assets/SparkleXR/SparkleXRTemplates/Visualisation using Guid(5629368722d95c54bb6d6eb06c7b8fbf) Importer(815301076,1909f56bfc062723c751e8b465ee728b)  -> (artifact id: 'b088f48fa5755ee57b081e9621f1699d') in 0.005796 seconds
  Import took 0.008361 seconds .

========================================================================
Received Import Request.
  Time since last request: 0.005413 seconds.
  path: Assets/SparkleXR/SparkleXRTemplates/Visualisation
  artifactKey: Guid(5629368722d95c54bb6d6eb06c7b8fbf) Importer(815301076,1909f56bfc062723c751e8b465ee728b)
Start importing Assets/SparkleXR/SparkleXRTemplates/Visualisation using Guid(5629368722d95c54bb6d6eb06c7b8fbf) Importer(815301076,1909f56bfc062723c751e8b465ee728b)  -> (artifact id: 'b088f48fa5755ee57b081e9621f1699d') in 0.002447 seconds
  Import took 0.005101 seconds .

========================================================================
Received Import Request.
  Time since last request: 2.509478 seconds.
  path: Assets/SparkleXR/SparkleXRTemplates/Prefabs/AdvancedInput(ML) #1.prefab
  artifactKey: Guid(0cb0d2263a950a74d913d90f122f456f) Importer(815301076,1909f56bfc062723c751e8b465ee728b)
Start importing Assets/SparkleXR/SparkleXRTemplates/Prefabs/AdvancedInput(ML) #1.prefab using Guid(0cb0d2263a950a74d913d90f122f456f) Importer(815301076,1909f56bfc062723c751e8b465ee728b)  -> (artifact id: '3c3506a30e324994123912c3236770d2') in 0.225815 seconds
  Import took 0.228832 seconds .

========================================================================
Received Prepare
Registering precompiled user dll's ...
Registered in 0.016605 seconds.
Begin MonoManager ReloadAssembly
Native extension for Lumin target not found
Native extension for WindowsStandalone target not found
Refreshing native plugins compatible for Editor in 0.97 ms, found 69 plugins.
Preloading 1 native plugins for Editor in 0.07 ms.
Invoked RoslynAnalysisRunner static constructor.
RoslynAnalysisRunner will not be running.
RoslynAnalysisRunner has terminated.
Mono: successfully reloaded assembly
- Completed reload, in  1.101 seconds
Platform modules already initialized, skipping
Refreshing native plugins compatible for Editor in 1.01 ms, found 69 plugins.
Preloading 1 native plugins for Editor in 0.06 ms.
Unloading 1812 Unused Serialized files (Serialized files now loaded: 0)
System memory in use before: 86.2 MB.
System memory in use after: 86.3 MB.

Unloading 97 unused Assets to reduce memory usage. Loaded Objects now: 2280.
Total: 17.811600 ms (FindLiveObjects: 0.261800 ms CreateObjectMapping: 0.073600 ms MarkObjects: 17.389600 ms  DeleteObjects: 0.084800 ms)

========================================================================
Received Prepare
Registering precompiled user dll's ...
Registered in 0.015777 seconds.
Begin MonoManager ReloadAssembly
Native extension for Lumin target not found
Native extension for WindowsStandalone target not found
Refreshing native plugins compatible for Editor in 1.02 ms, found 69 plugins.
Preloading 1 native plugins for Editor in 0.06 ms.
Invoked RoslynAnalysisRunner static constructor.
RoslynAnalysisRunner will not be running.
RoslynAnalysisRunner has terminated.
Mono: successfully reloaded assembly
- Completed reload, in  1.093 seconds
Platform modules already initialized, skipping
Refreshing native plugins compatible for Editor in 0.95 ms, found 69 plugins.
Preloading 1 native plugins for Editor in 0.06 ms.
Unloading 1812 Unused Serialized files (Serialized files now loaded: 0)
System memory in use before: 86.2 MB.
System memory in use after: 86.3 MB.

Unloading 97 unused Assets to reduce memory usage. Loaded Objects now: 2284.
Total: 27.825200 ms (FindLiveObjects: 0.550600 ms CreateObjectMapping: 0.266400 ms MarkObjects: 26.958600 ms  DeleteObjects: 0.046700 ms)

========================================================================
Received Import Request.
  Time since last request: 138.620963 seconds.
  path: Assets/SparkleXR/SparkleXRTemplates/MagicLeap/InputProviders/MLHandInputProvider.cs
  artifactKey: Guid(f32cf3cd371066048b2b47c38d91a95f) Importer(815301076,1909f56bfc062723c751e8b465ee728b)
Start importing Assets/SparkleXR/SparkleXRTemplates/MagicLeap/InputProviders/MLHandInputProvider.cs using Guid(f32cf3cd371066048b2b47c38d91a95f) Importer(815301076,1909f56bfc062723c751e8b465ee728b)  -> (artifact id: '0bcb316ef0738d20b9a813f00ab5d5a8') in 0.009845 seconds
  Import took 0.012523 seconds .

========================================================================
Received Import Request.
  Time since last request: 0.019402 seconds.
  path: Assets/SparkleXR/SparkleXRTemplates/MagicLeap/InputProviders/MLHandInputProvider.cs
  artifactKey: Guid(f32cf3cd371066048b2b47c38d91a95f) Importer(815301076,1909f56bfc062723c751e8b465ee728b)
Start importing Assets/SparkleXR/SparkleXRTemplates/MagicLeap/InputProviders/MLHandInputProvider.cs using Guid(f32cf3cd371066048b2b47c38d91a95f) Importer(815301076,1909f56bfc062723c751e8b465ee728b)  -> (artifact id: '0bcb316ef0738d20b9a813f00ab5d5a8') in 0.003296 seconds
  Import took 0.006674 seconds .

========================================================================
Received Import Request.
  Time since last request: 71.443393 seconds.
  path: Assets/XR/Settings/Magic Leap Settings.asset
  artifactKey: Guid(ee42a0332c1d0744584e86b8160aa228) Importer(815301076,1909f56bfc062723c751e8b465ee728b)
Start importing Assets/XR/Settings/Magic Leap Settings.asset using Guid(ee42a0332c1d0744584e86b8160aa228) Importer(815301076,1909f56bfc062723c751e8b465ee728b)  -> (artifact id: 'a13134081ae1cba9952c8c4bc36b8f94') in 0.016543 seconds
  Import took 0.019208 seconds .

========================================================================
Received Import Request.
  Time since last request: 0.652312 seconds.
  path: Assets/XR/XRGeneralSettings.asset
  artifactKey: Guid(2ba4dbd235ed941bb8fdb5a40ab00f22) Importer(815301076,1909f56bfc062723c751e8b465ee728b)
Start importing Assets/XR/XRGeneralSettings.asset using Guid(2ba4dbd235ed941bb8fdb5a40ab00f22) Importer(815301076,1909f56bfc062723c751e8b465ee728b)  -> (artifact id: '584cb1a1987b0aee43a15879f181fd75') in 0.019568 seconds
  Import took 0.022431 seconds .

========================================================================
Received Import Request.
  Time since last request: 5.806200 seconds.
  path: Packages/com.unity.xr.magicleap/package.json
  artifactKey: Guid(3ca6c5fdeab8b8b4394d49fd73e4cb9b) Importer(815301076,1909f56bfc062723c751e8b465ee728b)
Start importing Packages/com.unity.xr.magicleap/package.json using Guid(3ca6c5fdeab8b8b4394d49fd73e4cb9b) Importer(815301076,1909f56bfc062723c751e8b465ee728b)  -> (artifact id: 'd3a114e5987c3a9a1cc51d6cfc48995c') in 0.011139 seconds
  Import took 0.014158 seconds .

========================================================================
Received Import Request.
  Time since last request: 4.426310 seconds.
  path: Assets/MagicLeap/Examples/Assets/Textures/EyeFixation.png
  artifactKey: Guid(944f29f02f68f904c90cc3fa980cd293) Importer(815301076,1909f56bfc062723c751e8b465ee728b)
Start importing Assets/MagicLeap/Examples/Assets/Textures/EyeFixation.png using Guid(944f29f02f68f904c90cc3fa980cd293) Importer(815301076,1909f56bfc062723c751e8b465ee728b)  -> (artifact id: '67db721e1459e0e21f4ded7ae5df867d') in 0.095934 seconds
  Import took 0.098651 seconds .

========================================================================
Received Import Request.
  Time since last request: 3.353993 seconds.
  path: Assets/MagicLeap/Lumin/Bindings/MLEyeNativeBindings.cs
  artifactKey: Guid(78945a0e0d193484988e9ff91269cf27) Importer(815301076,1909f56bfc062723c751e8b465ee728b)
Start importing Assets/MagicLeap/Lumin/Bindings/MLEyeNativeBindings.cs using Guid(78945a0e0d193484988e9ff91269cf27) Importer(815301076,1909f56bfc062723c751e8b465ee728b)  -> (artifact id: '7694329d4deea172c5f8a4e34252a4c2') in 0.006568 seconds
  Import took 0.011311 seconds .

========================================================================
Received Import Request.
  Time since last request: 0.009371 seconds.
  path: Assets/MagicLeap/Lumin/Bindings/MLEyeNativeBindings.cs
  artifactKey: Guid(78945a0e0d193484988e9ff91269cf27) Importer(815301076,1909f56bfc062723c751e8b465ee728b)
Start importing Assets/MagicLeap/Lumin/Bindings/MLEyeNativeBindings.cs using Guid(78945a0e0d193484988e9ff91269cf27) Importer(815301076,1909f56bfc062723c751e8b465ee728b)  -> (artifact id: '7694329d4deea172c5f8a4e34252a4c2') in 0.002593 seconds
  Import took 0.005261 seconds .

========================================================================
Received Import Request.
  Time since last request: 0.782905 seconds.
  path: Assets/MagicLeap/Lumin/APIs/MLEyes.cs
  artifactKey: Guid(f51e8e307a7a1a54784480eb9691f417) Importer(815301076,1909f56bfc062723c751e8b465ee728b)
Start importing Assets/MagicLeap/Lumin/APIs/MLEyes.cs using Guid(f51e8e307a7a1a54784480eb9691f417) Importer(815301076,1909f56bfc062723c751e8b465ee728b)  -> (artifact id: 'e6eec7cb7e25ab1580db0e5bfa0c4702') in 0.005695 seconds
  Import took 0.008567 seconds .

========================================================================
Received Import Request.
  Time since last request: 1.135806 seconds.
  path: Assets/MagicLeap/Lumin/Deprecated/MLEyes.cs
  artifactKey: Guid(b5ab5eb88ea927f4ea8e96bdb4a48206) Importer(815301076,1909f56bfc062723c751e8b465ee728b)
Start importing Assets/MagicLeap/Lumin/Deprecated/MLEyes.cs using Guid(b5ab5eb88ea927f4ea8e96bdb4a48206) Importer(815301076,1909f56bfc062723c751e8b465ee728b)  -> (artifact id: 'bb431cf749fe8f2335817d6aa88ed16b') in 0.002126 seconds
  Import took 0.005132 seconds .

========================================================================
Received Import Request.
  Time since last request: 0.604640 seconds.
  path: Assets/MagicLeap/Core/Scripts/StarterKit/MLEyesStarterKit.cs
  artifactKey: Guid(6a6dd48ce5696ae45af9157d67f92ad2) Importer(815301076,1909f56bfc062723c751e8b465ee728b)
Start importing Assets/MagicLeap/Core/Scripts/StarterKit/MLEyesStarterKit.cs using Guid(6a6dd48ce5696ae45af9157d67f92ad2) Importer(815301076,1909f56bfc062723c751e8b465ee728b)  -> (artifact id: '56f05f4bb73a11f1e2cbfae97c5ade5b') in 0.006362 seconds
  Import took 0.010464 seconds .

========================================================================
Received Prepare
Registering precompiled user dll's ...
Registered in 0.015691 seconds.
Begin MonoManager ReloadAssembly
Native extension for Lumin target not found
Native extension for WindowsStandalone target not found
Refreshing native plugins compatible for Editor in 0.99 ms, found 69 plugins.
Preloading 1 native plugins for Editor in 0.10 ms.
Invoked RoslynAnalysisRunner static constructor.
RoslynAnalysisRunner will not be running.
RoslynAnalysisRunner has terminated.
Mono: successfully reloaded assembly
- Completed reload, in  1.216 seconds
Platform modules already initialized, skipping
Refreshing native plugins compatible for Editor in 0.99 ms, found 69 plugins.
Preloading 1 native plugins for Editor in 0.06 ms.
Unloading 1812 Unused Serialized files (Serialized files now loaded: 0)
System memory in use before: 86.2 MB.
System memory in use after: 86.3 MB.

Unloading 97 unused Assets to reduce memory usage. Loaded Objects now: 2292.
Total: 15.706500 ms (FindLiveObjects: 0.288800 ms CreateObjectMapping: 0.082100 ms MarkObjects: 15.290200 ms  DeleteObjects: 0.043700 ms)

========================================================================
Received Import Request.
  Time since last request: 389.042730 seconds.
  path: Assets/SparkleXR/SparkleXRTemplates/MagicLeap/ControlDescriptors/MLRotationGestureControllsDescriptor
  artifactKey: Guid(631d6793863c9ea40bc080a368a2d14a) Importer(815301076,1909f56bfc062723c751e8b465ee728b)
Start importing Assets/SparkleXR/SparkleXRTemplates/MagicLeap/ControlDescriptors/MLRotationGestureControllsDescriptor using Guid(631d6793863c9ea40bc080a368a2d14a) Importer(815301076,1909f56bfc062723c751e8b465ee728b)  -> (artifact id: 'e652be8cf4013368c03025ac82410c7f') in 0.008564 seconds
  Import took 0.011824 seconds .

========================================================================
Received Import Request.
  Time since last request: 10.305977 seconds.
  path: Assets/SparkleXR/SparkleXRTemplates/MagicLeap/ControlDescriptors/MLRotationGestureControllsDescriptor.cs
  artifactKey: Guid(55e7f965814f1ab4bafe08927386081a) Importer(815301076,1909f56bfc062723c751e8b465ee728b)
Start importing Assets/SparkleXR/SparkleXRTemplates/MagicLeap/ControlDescriptors/MLRotationGestureControllsDescriptor.cs using Guid(55e7f965814f1ab4bafe08927386081a) Importer(815301076,1909f56bfc062723c751e8b465ee728b)  -> (artifact id: 'd0b1a3dbaab004c228e4ae1600d488f3') in 0.003543 seconds
  Import took 0.006554 seconds .

========================================================================
Received Prepare
Registering precompiled user dll's ...
Registered in 0.017930 seconds.
Begin MonoManager ReloadAssembly
Native extension for Lumin target not found
Native extension for WindowsStandalone target not found
Refreshing native plugins compatible for Editor in 0.99 ms, found 69 plugins.
Preloading 1 native plugins for Editor in 0.09 ms.
Invoked RoslynAnalysisRunner static constructor.
RoslynAnalysisRunner will not be running.
RoslynAnalysisRunner has terminated.
Mono: successfully reloaded assembly
- Completed reload, in  1.148 seconds
Platform modules already initialized, skipping
Refreshing native plugins compatible for Editor in 1.01 ms, found 69 plugins.
Preloading 1 native plugins for Editor in 0.06 ms.
Unloading 1813 Unused Serialized files (Serialized files now loaded: 0)
System memory in use before: 86.5 MB.
System memory in use after: 86.6 MB.

Unloading 97 unused Assets to reduce memory usage. Loaded Objects now: 2297.
Total: 17.192500 ms (FindLiveObjects: 0.248400 ms CreateObjectMapping: 0.093700 ms MarkObjects: 16.806300 ms  DeleteObjects: 0.042900 ms)

========================================================================
Received Prepare
Registering precompiled user dll's ...
Registered in 0.015750 seconds.
Begin MonoManager ReloadAssembly
Native extension for Lumin target not found
Native extension for WindowsStandalone target not found
Refreshing native plugins compatible for Editor in 1.22 ms, found 69 plugins.
Preloading 1 native plugins for Editor in 0.08 ms.
Invoked RoslynAnalysisRunner static constructor.
RoslynAnalysisRunner will not be running.
RoslynAnalysisRunner has terminated.
Mono: successfully reloaded assembly
- Completed reload, in  1.069 seconds
Platform modules already initialized, skipping
Refreshing native plugins compatible for Editor in 1.00 ms, found 69 plugins.
Preloading 1 native plugins for Editor in 0.06 ms.
Unloading 1813 Unused Serialized files (Serialized files now loaded: 0)
System memory in use before: 86.5 MB.
System memory in use after: 86.6 MB.

Unloading 97 unused Assets to reduce memory usage. Loaded Objects now: 2301.
Total: 16.219600 ms (FindLiveObjects: 0.406200 ms CreateObjectMapping: 0.173900 ms MarkObjects: 15.596800 ms  DeleteObjects: 0.041300 ms)

========================================================================
Received Import Request.
  Time since last request: 241.906178 seconds.
  path: Assets/SparkleXR/SparkleXRTemplates/MagicLeap/ControlDescriptors/MLRotationGestureControllsDescriptor.cs
  artifactKey: Guid(55e7f965814f1ab4bafe08927386081a) Importer(815301076,1909f56bfc062723c751e8b465ee728b)
Start importing Assets/SparkleXR/SparkleXRTemplates/MagicLeap/ControlDescriptors/MLRotationGestureControllsDescriptor.cs using Guid(55e7f965814f1ab4bafe08927386081a) Importer(815301076,1909f56bfc062723c751e8b465ee728b)  -> (artifact id: 'fed0cdfd263db85965303f0db589f3f5') in 0.008558 seconds
  Import took 0.015246 seconds .

========================================================================
Received Import Request.
  Time since last request: 8.739441 seconds.
  path: Assets/SparkleXR/SparkleXRTemplates/MagicLeap/ControlDescriptors/MLRotationGestureControlsDescriptor.cs
  artifactKey: Guid(55e7f965814f1ab4bafe08927386081a) Importer(815301076,1909f56bfc062723c751e8b465ee728b)
Start importing Assets/SparkleXR/SparkleXRTemplates/MagicLeap/ControlDescriptors/MLRotationGestureControlsDescriptor.cs using Guid(55e7f965814f1ab4bafe08927386081a) Importer(815301076,1909f56bfc062723c751e8b465ee728b)  -> (artifact id: 'a064b82c28d0cedaf54d3c85bf5f7a05') in 0.005996 seconds
  Import took 0.009153 seconds .

========================================================================
Received Prepare
Registering precompiled user dll's ...
Registered in 0.016287 seconds.
Begin MonoManager ReloadAssembly
Native extension for Lumin target not found
Native extension for WindowsStandalone target not found
Refreshing native plugins compatible for Editor in 1.00 ms, found 69 plugins.
Preloading 1 native plugins for Editor in 0.07 ms.
Invoked RoslynAnalysisRunner static constructor.
RoslynAnalysisRunner will not be running.
RoslynAnalysisRunner has terminated.
Mono: successfully reloaded assembly
- Completed reload, in  1.145 seconds
Platform modules already initialized, skipping
Refreshing native plugins compatible for Editor in 1.04 ms, found 69 plugins.
Preloading 1 native plugins for Editor in 0.06 ms.
Unloading 1813 Unused Serialized files (Serialized files now loaded: 0)
System memory in use before: 86.5 MB.
System memory in use after: 86.6 MB.

Unloading 97 unused Assets to reduce memory usage. Loaded Objects now: 2305.
Total: 16.272300 ms (FindLiveObjects: 0.236300 ms CreateObjectMapping: 0.079000 ms MarkObjects: 15.910000 ms  DeleteObjects: 0.045300 ms)

========================================================================
Received Import Request.
  Time since last request: 84.884775 seconds.
  path: Assets/SparkleXR/SparkleXRTemplates/MagicLeap/ControlDescriptors/MLRotationGestureControlsDescriptor.cs
  artifactKey: Guid(55e7f965814f1ab4bafe08927386081a) Importer(815301076,1909f56bfc062723c751e8b465ee728b)
Start importing Assets/SparkleXR/SparkleXRTemplates/MagicLeap/ControlDescriptors/MLRotationGestureControlsDescriptor.cs using Guid(55e7f965814f1ab4bafe08927386081a) Importer(815301076,1909f56bfc062723c751e8b465ee728b)  -> (artifact id: '837b78170e538b3342f9665688f894b1') in 0.005013 seconds
  Import took 0.007890 seconds .

========================================================================
Received Prepare
Registering precompiled user dll's ...
Registered in 0.015524 seconds.
Begin MonoManager ReloadAssembly
Native extension for Lumin target not found
Native extension for WindowsStandalone target not found
Refreshing native plugins compatible for Editor in 0.98 ms, found 69 plugins.
Preloading 1 native plugins for Editor in 0.07 ms.
Invoked RoslynAnalysisRunner static constructor.
RoslynAnalysisRunner will not be running.
RoslynAnalysisRunner has terminated.
Mono: successfully reloaded assembly
- Completed reload, in  1.083 seconds
Platform modules already initialized, skipping
Refreshing native plugins compatible for Editor in 1.04 ms, found 69 plugins.
Preloading 1 native plugins for Editor in 0.06 ms.
Unloading 1813 Unused Serialized files (Serialized files now loaded: 0)
System memory in use before: 86.5 MB.
System memory in use after: 86.6 MB.

Unloading 97 unused Assets to reduce memory usage. Loaded Objects now: 2309.
Total: 15.786400 ms (FindLiveObjects: 0.207600 ms CreateObjectMapping: 0.074800 ms MarkObjects: 15.461600 ms  DeleteObjects: 0.041000 ms)

========================================================================
Received Import Request.
  Time since last request: 162.815906 seconds.
  path: Assets/SparkleXR/SparkleXRTemplates/MagicLeap/ControlDescriptors/MLRotationGestureControlsDescriptor.cs
  artifactKey: Guid(55e7f965814f1ab4bafe08927386081a) Importer(815301076,1909f56bfc062723c751e8b465ee728b)
Start importing Assets/SparkleXR/SparkleXRTemplates/MagicLeap/ControlDescriptors/MLRotationGestureControlsDescriptor.cs using Guid(55e7f965814f1ab4bafe08927386081a) Importer(815301076,1909f56bfc062723c751e8b465ee728b)  -> (artifact id: 'b800712dd8b56ecd1ad5d86de897b08e') in 0.004559 seconds
  Import took 0.007175 seconds .

========================================================================
Received Import Request.
  Time since last request: 44.105666 seconds.
  path: Assets/SparkleXR/SparkleXRTemplates/Examples/Base Template
  artifactKey: Guid(73aa3d51b3fe1464f9dc8a7187bdf084) Importer(815301076,1909f56bfc062723c751e8b465ee728b)
Start importing Assets/SparkleXR/SparkleXRTemplates/Examples/Base Template using Guid(73aa3d51b3fe1464f9dc8a7187bdf084) Importer(815301076,1909f56bfc062723c751e8b465ee728b)  -> (artifact id: '4ca89f113ac2c544cbbb6e5ad4da080b') in 0.005854 seconds
  Import took 0.008993 seconds .

========================================================================
Received Import Request.
  Time since last request: 4.927535 seconds.
  path: Assets/SparkleXR/SparkleXRTemplates/Examples/Simple Hand-Take Example/HandBestPractice.unity
  artifactKey: Guid(32f6721386ce761408ed603eb19e8dc3) Importer(815301076,1909f56bfc062723c751e8b465ee728b)
Start importing Assets/SparkleXR/SparkleXRTemplates/Examples/Simple Hand-Take Example/HandBestPractice.unity using Guid(32f6721386ce761408ed603eb19e8dc3) Importer(815301076,1909f56bfc062723c751e8b465ee728b)  -> (artifact id: '27032217d31b9a3b4583919427e88a64') in 0.013874 seconds
  Import took 0.017425 seconds .

========================================================================
Received Import Request.
  Time since last request: 23.559514 seconds.
  path: Assets/SparkleXR/SparkleXRTemplates/Examples/Template
  artifactKey: Guid(73aa3d51b3fe1464f9dc8a7187bdf084) Importer(815301076,1909f56bfc062723c751e8b465ee728b)
Start importing Assets/SparkleXR/SparkleXRTemplates/Examples/Template using Guid(73aa3d51b3fe1464f9dc8a7187bdf084) Importer(815301076,1909f56bfc062723c751e8b465ee728b)  -> (artifact id: '67d6ec992098de1179891870273b93eb') in 0.006738 seconds
  Import took 0.010272 seconds .

========================================================================
Received Import Request.
  Time since last request: 11.492931 seconds.
  path: Assets/SparkleXR/SparkleXRTemplates/Examples/Base Hand-Take Example
  artifactKey: Guid(96d64e92bfbc92f4fa3f439d6566b8a6) Importer(815301076,1909f56bfc062723c751e8b465ee728b)
Start importing Assets/SparkleXR/SparkleXRTemplates/Examples/Base Hand-Take Example using Guid(96d64e92bfbc92f4fa3f439d6566b8a6) Importer(815301076,1909f56bfc062723c751e8b465ee728b)  -> (artifact id: '68de6c8bf6121ba23c4b343d1fabf4df') in 0.007149 seconds
  Import took 0.010304 seconds .

========================================================================
Received Prepare
Registering precompiled user dll's ...
Registered in 0.016682 seconds.
Begin MonoManager ReloadAssembly
Native extension for Lumin target not found
Native extension for WindowsStandalone target not found
Refreshing native plugins compatible for Editor in 1.00 ms, found 69 plugins.
Preloading 1 native plugins for Editor in 0.06 ms.
Invoked RoslynAnalysisRunner static constructor.
RoslynAnalysisRunner will not be running.
RoslynAnalysisRunner has terminated.
Mono: successfully reloaded assembly
- Completed reload, in  1.138 seconds
Platform modules already initialized, skipping
Refreshing native plugins compatible for Editor in 1.75 ms, found 69 plugins.
Preloading 1 native plugins for Editor in 0.07 ms.
Unloading 1813 Unused Serialized files (Serialized files now loaded: 0)
System memory in use before: 86.5 MB.
System memory in use after: 86.6 MB.

Unloading 97 unused Assets to reduce memory usage. Loaded Objects now: 2313.
Total: 17.760500 ms (FindLiveObjects: 0.239000 ms CreateObjectMapping: 0.089500 ms MarkObjects: 17.388400 ms  DeleteObjects: 0.042100 ms)

========================================================================
Received Import Request.
  Time since last request: 22.121760 seconds.
  path: Assets/SparkleXR/SparkleXRTemplates/Examples/Base Hand Take-Drop Example
  artifactKey: Guid(96d64e92bfbc92f4fa3f439d6566b8a6) Importer(815301076,1909f56bfc062723c751e8b465ee728b)
Start importing Assets/SparkleXR/SparkleXRTemplates/Examples/Base Hand Take-Drop Example using Guid(96d64e92bfbc92f4fa3f439d6566b8a6) Importer(815301076,1909f56bfc062723c751e8b465ee728b)  -> (artifact id: 'a788032282bdb59c46f976f204759750') in 0.009386 seconds
  Import took 0.012554 seconds .

========================================================================
Received Prepare
Registering precompiled user dll's ...
Registered in 0.016490 seconds.
Begin MonoManager ReloadAssembly
Native extension for Lumin target not found
Native extension for WindowsStandalone target not found
Refreshing native plugins compatible for Editor in 1.00 ms, found 69 plugins.
Preloading 1 native plugins for Editor in 0.07 ms.
Invoked RoslynAnalysisRunner static constructor.
RoslynAnalysisRunner will not be running.
RoslynAnalysisRunner has terminated.
Mono: successfully reloaded assembly
- Completed reload, in  1.124 seconds
Platform modules already initialized, skipping
Refreshing native plugins compatible for Editor in 1.24 ms, found 69 plugins.
Preloading 1 native plugins for Editor in 0.06 ms.
Unloading 1813 Unused Serialized files (Serialized files now loaded: 0)
System memory in use before: 86.5 MB.
System memory in use after: 86.6 MB.

Unloading 97 unused Assets to reduce memory usage. Loaded Objects now: 2317.
Total: 16.624700 ms (FindLiveObjects: 0.207100 ms CreateObjectMapping: 0.076400 ms MarkObjects: 16.299600 ms  DeleteObjects: 0.040200 ms)

========================================================================
Received Import Request.
  Time since last request: 155.342221 seconds.
  path: Assets/SparkleXR/SparkleXRTemplates/Examples/Template/Scripts
  artifactKey: Guid(7ba83c614c84dc54a8420d409e425c08) Importer(815301076,1909f56bfc062723c751e8b465ee728b)
Start importing Assets/SparkleXR/SparkleXRTemplates/Examples/Template/Scripts using Guid(7ba83c614c84dc54a8420d409e425c08) Importer(815301076,1909f56bfc062723c751e8b465ee728b)  -> (artifact id: 'c02cd9d532a7b5303459a0198fc2d706') in 0.009807 seconds
  Import took 0.013079 seconds .

========================================================================
Received Import Request.
  Time since last request: 9.540234 seconds.
  path: Assets/SparkleXR/SparkleXRTemplates/Examples/Template/Scripts/Rotatable.cs
  artifactKey: Guid(182463dc78c53574ca9c01d82eb4b268) Importer(815301076,1909f56bfc062723c751e8b465ee728b)
Start importing Assets/SparkleXR/SparkleXRTemplates/Examples/Template/Scripts/Rotatable.cs using Guid(182463dc78c53574ca9c01d82eb4b268) Importer(815301076,1909f56bfc062723c751e8b465ee728b)  -> (artifact id: 'd789ec5872441c8f3915588e74e42c51') in 0.007473 seconds
  Import took 0.011087 seconds .

========================================================================
Received Prepare
Registering precompiled user dll's ...
Registered in 0.015675 seconds.
Begin MonoManager ReloadAssembly
Native extension for Lumin target not found
Native extension for WindowsStandalone target not found
Refreshing native plugins compatible for Editor in 0.99 ms, found 69 plugins.
Preloading 1 native plugins for Editor in 0.07 ms.
Invoked RoslynAnalysisRunner static constructor.
RoslynAnalysisRunner will not be running.
RoslynAnalysisRunner has terminated.
Mono: successfully reloaded assembly
- Completed reload, in  1.066 seconds
Platform modules already initialized, skipping
Refreshing native plugins compatible for Editor in 0.97 ms, found 69 plugins.
Preloading 1 native plugins for Editor in 0.06 ms.
Unloading 1814 Unused Serialized files (Serialized files now loaded: 0)
System memory in use before: 86.5 MB.
System memory in use after: 86.6 MB.

Unloading 97 unused Assets to reduce memory usage. Loaded Objects now: 2322.
Total: 30.713200 ms (FindLiveObjects: 0.460800 ms CreateObjectMapping: 0.215400 ms MarkObjects: 29.988800 ms  DeleteObjects: 0.045600 ms)

========================================================================
Received Import Request.
  Time since last request: 56.980909 seconds.
  path: Assets/SparkleXR/SparkleXRTemplates/Examples/Template/Scripts/Rotatable.cs
  artifactKey: Guid(182463dc78c53574ca9c01d82eb4b268) Importer(815301076,1909f56bfc062723c751e8b465ee728b)
Start importing Assets/SparkleXR/SparkleXRTemplates/Examples/Template/Scripts/Rotatable.cs using Guid(182463dc78c53574ca9c01d82eb4b268) Importer(815301076,1909f56bfc062723c751e8b465ee728b)  -> (artifact id: '042f0fb68255347174cac104042b96d8') in 0.005629 seconds
  Import took 0.008855 seconds .

========================================================================
Received Import Request.
  Time since last request: 4.082430 seconds.
  path: Assets/SparkleXR/SparkleXRTemplates/Examples/Base Hand Take-Drop Example/Scripts/Takeable.cs
  artifactKey: Guid(17544307feda09b44af50ec7b496e1b1) Importer(815301076,1909f56bfc062723c751e8b465ee728b)
Start importing Assets/SparkleXR/SparkleXRTemplates/Examples/Base Hand Take-Drop Example/Scripts/Takeable.cs using Guid(17544307feda09b44af50ec7b496e1b1) Importer(815301076,1909f56bfc062723c751e8b465ee728b)  -> (artifact id: '8a00cfe1519d7e68e464b0ac232a3170') in 0.009657 seconds
  Import took 0.013127 seconds .

========================================================================
Received Prepare
Registering precompiled user dll's ...
Registered in 0.016843 seconds.
Begin MonoManager ReloadAssembly
Native extension for Lumin target not found
Native extension for WindowsStandalone target not found
Refreshing native plugins compatible for Editor in 1.08 ms, found 69 plugins.
Preloading 1 native plugins for Editor in 0.09 ms.
Invoked RoslynAnalysisRunner static constructor.
RoslynAnalysisRunner will not be running.
RoslynAnalysisRunner has terminated.
Mono: successfully reloaded assembly
- Completed reload, in  1.148 seconds
Platform modules already initialized, skipping
Refreshing native plugins compatible for Editor in 0.99 ms, found 69 plugins.
Preloading 1 native plugins for Editor in 0.06 ms.
Unloading 1814 Unused Serialized files (Serialized files now loaded: 0)
System memory in use before: 86.6 MB.
System memory in use after: 86.7 MB.

Unloading 97 unused Assets to reduce memory usage. Loaded Objects now: 2326.
Total: 16.665400 ms (FindLiveObjects: 0.274500 ms CreateObjectMapping: 0.092500 ms MarkObjects: 16.246000 ms  DeleteObjects: 0.050800 ms)

========================================================================
Received Import Request.
  Time since last request: 664.957353 seconds.
  path: Assets/SparkleXR/SparkleXRTemplates/Examples/Template/Scripts/Rotatable.cs
  artifactKey: Guid(182463dc78c53574ca9c01d82eb4b268) Importer(815301076,1909f56bfc062723c751e8b465ee728b)
Start importing Assets/SparkleXR/SparkleXRTemplates/Examples/Template/Scripts/Rotatable.cs using Guid(182463dc78c53574ca9c01d82eb4b268) Importer(815301076,1909f56bfc062723c751e8b465ee728b)  -> (artifact id: 'cb611ea1e0decf7c9ae2e87d35de9851') in 0.005024 seconds
  Import took 0.008260 seconds .

========================================================================
Received Prepare
Registering precompiled user dll's ...
Registered in 0.016894 seconds.
Begin MonoManager ReloadAssembly
Native extension for Lumin target not found
Native extension for WindowsStandalone target not found
Refreshing native plugins compatible for Editor in 1.71 ms, found 69 plugins.
Preloading 1 native plugins for Editor in 0.09 ms.
Invoked RoslynAnalysisRunner static constructor.
RoslynAnalysisRunner will not be running.
RoslynAnalysisRunner has terminated.
Mono: successfully reloaded assembly
- Completed reload, in  1.307 seconds
Platform modules already initialized, skipping
Refreshing native plugins compatible for Editor in 1.02 ms, found 69 plugins.
Preloading 1 native plugins for Editor in 0.31 ms.
Unloading 1814 Unused Serialized files (Serialized files now loaded: 0)
System memory in use before: 86.6 MB.
System memory in use after: 86.7 MB.

Unloading 97 unused Assets to reduce memory usage. Loaded Objects now: 2330.
Total: 17.358100 ms (FindLiveObjects: 0.217100 ms CreateObjectMapping: 0.070400 ms MarkObjects: 17.018800 ms  DeleteObjects: 0.050100 ms)

AssetImportWorkerClient::OnTransportError - code=2 error=End of file
